<?xml version="1.0" encoding="UTF-8"?>
<beans xmlns="http://www.springframework.org/schema/beans"
	xmlns:xsi="http://www.w3.org/2001/XMLSchema-instance"
	xmlns:context="http://www.springframework.org/schema/context"
	xmlns:jms="http://www.springframework.org/schema/jms"
	xsi:schemaLocation="http://www.springframework.org/schema/beans http://www.springframework.org/schema/beans/spring-beans.xsd
		http://www.springframework.org/schema/context http://www.springframework.org/schema/context/spring-context-4.0.xsd
		http://www.springframework.org/schema/jms http://www.springframework.org/schema/jms/spring-jms-4.0.xsd">

	
	<context:property-placeholder location="classpath:test-app.properties" />
	
	
	<bean id="connectionFactory" class="org.apache.activemq.ActiveMQConnectionFactory">
		<constructor-arg index="0" value="${jms.broker.url}" />
	</bean>
	
	<bean id="destination" class="org.apache.activemq.command.ActiveMQQueue">
		<constructor-arg index="0" value="${jms.queue.name}" />
	</bean>
	
	
	<!-- Settings for the producer -->
	<bean id="indicatorsDestination" class="org.apache.activemq.command.ActiveMQQueue">
		<constructor-arg index="0" value="${jms.queue.name.producer}" />
	</bean>
	
	<bean id="jmsTemplate" class="org.springframework.jms.core.JmsTemplate">
		<property name="connectionFactory" ref="connectionFactory" />
		<property name="defaultDestination" ref="indicatorsDestination" />
	</bean>
	
	<bean id="messageSender" class="com.rulefinancial.storm.jms.sender.SimpleMessageSender">
		<constructor-arg index="0" ref="jmsTemplate" />
	</bean>

</beans>